<?xml version="1.0" encoding="UTF-8"?>
<!-- Generated by org.testng.reporters.JUnitReportReporter -->
<testsuite hostname="DESKTOP-D0AT61K" failures="0" tests="4" name="webSiteUseCases.useCases" time="39.269" errors="0" timestamp="2025-08-02T22:57:27 IST" skipped="0">
  <testcase classname="webSiteUseCases.useCases" name="Test_case_003_Login_User_with_incorrect_email_and_password" time="6.510"/>
  <system-out/>
  <testcase classname="webSiteUseCases.useCases" name="Test_case_004_Logout_User" time="7.978"/>
  <system-out/>
  <testcase classname="webSiteUseCases.useCases" name="Test_Case_002_User_Login_Correct_Email" time="10.711"/>
  <system-out/>
  <testcase classname="webSiteUseCases.useCases" name="Test_Case_001_User_Registration" time="14.070"/>
  <system-out/>
</testsuite> <!-- webSiteUseCases.useCases -->
